<?xml version="1.0" encoding="UTF-8"?>
<!-- Generated by org.testng.reporters.JUnitXMLReporter -->
<testsuite ignored="0" hostname="LAPTOP-VLNDL6NA" failures="0" tests="5" name="Test" time="18.295" errors="0" timestamp="2021-11-16T12:16:40 IST">
  <testcase classname="Day16_priorities.TC01_priorities_order" name="test1_openchromebrowser" time="1.796"/>
  <testcase classname="Day16_priorities.TC01_priorities_order" name="test2_openorangehrm" time="6.274"/>
  <testcase classname="Day16_priorities.TC01_priorities_order" name="test3_login" time="5.375"/>
  <testcase classname="Day16_priorities.TC01_priorities_order" name="Test4_Addnatialities" time="3.351"/>
  <testcase classname="Day16_priorities.TC01_priorities_order" name="Test5_Logout" time="1.457"/>
</testsuite> <!-- Test -->
