<?xml version="1.0" encoding="UTF-8"?>
<testng-results ignored="0" total="1" passed="1" failed="0" skipped="0">
  <reporter-output>
  </reporter-output>
  <suite started-at="2021-11-24T10:49:08 IST" name="Default suite" finished-at="2021-11-24T10:51:16 IST" duration-ms="128385">
    <groups>
    </groups>
    <test started-at="2021-11-24T10:49:08 IST" name="Default test" finished-at="2021-11-24T10:51:16 IST" duration-ms="128385">
      <class name="Day_030_Page_Factory.TC01_Add_Nationalities">
        <test-method is-config="true" signature="TestSetup()[pri:0, instance:Day_030_Page_Factory.TC01_Add_Nationalities@49ec71f8]" started-at="2021-11-24T10:49:08 IST" name="TestSetup" finished-at="2021-11-24T10:49:53 IST" duration-ms="45361" status="PASS">
          <reporter-output>
          </reporter-output>
        </test-method> <!-- TestSetup -->
        <test-method signature="Book_OneWay_Flight()[pri:0, instance:Day_030_Page_Factory.TC01_Add_Nationalities@49ec71f8]" started-at="2021-11-24T10:49:53 IST" name="Book_OneWay_Flight" finished-at="2021-11-24T10:51:16 IST" duration-ms="82827" status="PASS">
          <reporter-output>
          </reporter-output>
        </test-method> <!-- Book_OneWay_Flight -->
        <test-method is-config="true" signature="TestCloser()[pri:0, instance:Day_030_Page_Factory.TC01_Add_Nationalities@49ec71f8]" started-at="2021-11-24T10:51:16 IST" name="TestCloser" finished-at="2021-11-24T10:51:16 IST" duration-ms="143" status="PASS">
          <reporter-output>
          </reporter-output>
        </test-method> <!-- TestCloser -->
      </class> <!-- Day_030_Page_Factory.TC01_Add_Nationalities -->
    </test> <!-- Default test -->
  </suite> <!-- Default suite -->
</testng-results>
